Using pre-set license
Built from '2020.3/staging' branch; Version is '2020.3.23f1 (c5d91304a876) revision 12966163'; Using compiler version '192528614'; Build Type 'Release'
OS: 'Windows 10 Home; OS build 22000.856; Version 2009; 64bit' Language: 'en' Physical Memory: 15823 MB
BatchMode: 1, IsHumanControllingUs: 0, StartBugReporterOnCrash: 0, Is64bit: 1, IsPro: 0

COMMAND LINE ARGUMENTS:
C:\Program Files\Unity 2020.3.23f1\Editor\Unity.exe
-adb2
-batchMode
-noUpm
-name
AssetImportWorker0
-projectPath
C:/GitHub/2d-rpg-bopbffff/LoganRPG_Ch5_5_9-5_11
-logFile
Logs/AssetImportWorker0.log
-srvPort
61555
Successfully changed project path to: C:/GitHub/2d-rpg-bopbffff/LoganRPG_Ch5_5_9-5_11
C:/GitHub/2d-rpg-bopbffff/LoganRPG_Ch5_5_9-5_11
Using Asset Import Pipeline V2.
Refreshing native plugins compatible for Editor in 106.29 ms, found 3 plugins.
Preloading 0 native plugins for Editor in 0.00 ms.
Initialize engine version: 2020.3.23f1 (c5d91304a876)
[Subsystems] Discovering subsystems at path C:/Program Files/Unity 2020.3.23f1/Editor/Data/Resources/UnitySubsystems
[Subsystems] Discovering subsystems at path C:/GitHub/2d-rpg-bopbffff/LoganRPG_Ch5_5_9-5_11/Assets
GfxDevice: creating device client; threaded=0
Direct3D:
    Version:  Direct3D 11.0 [level 11.1]
    Renderer: AMD Radeon(TM) Graphics (ID=0x1636)
    Vendor:   
    VRAM:     7911 MB
    Driver:   27.20.14068.3000
Initialize mono
Mono path[0] = 'C:/Program Files/Unity 2020.3.23f1/Editor/Data/Managed'
Mono path[1] = 'C:/Program Files/Unity 2020.3.23f1/Editor/Data/MonoBleedingEdge/lib/mono/unityjit'
Mono config path = 'C:/Program Files/Unity 2020.3.23f1/Editor/Data/MonoBleedingEdge/etc'
Using monoOptions --debugger-agent=transport=dt_socket,embedding=1,server=y,suspend=n,address=127.0.0.1:56944
Begin MonoManager ReloadAssembly
Registering precompiled unity dll's ...
Register platform support module: C:/Program Files/Unity 2020.3.23f1/Editor/Data/PlaybackEngines/WindowsStandaloneSupport/UnityEditor.WindowsStandalone.Extensions.dll
Registered in 0.004127 seconds.
Native extension for WindowsStandalone target not found
Refreshing native plugins compatible for Editor in 94.27 ms, found 3 plugins.
Preloading 0 native plugins for Editor in 0.00 ms.
Mono: successfully reloaded assembly
- Completed reload, in  1.264 seconds
Domain Reload Profiling:
	ReloadAssembly (1264ms)
		BeginReloadAssembly (110ms)
			ExecutionOrderSort (0ms)
			DisableScriptedObjects (0ms)
			BackupInstance (0ms)
			ReleaseScriptingObjects (0ms)
			CreateAndSetChildDomain (1ms)
		EndReloadAssembly (979ms)
			LoadAssemblies (107ms)
			RebuildTransferFunctionScriptingTraits (1ms)
			SetupTypeCache (364ms)
			ReleaseScriptCaches (0ms)
			RebuildScriptCaches (64ms)
			SetupLoadedEditorAssemblies (325ms)
				LogAssemblyErrors (0ms)
				InitializePlatformSupportModulesInManaged (9ms)
				SetLoadedEditorAssemblies (0ms)
				RefreshPlugins (94ms)
				BeforeProcessingInitializeOnLoad (15ms)
				ProcessInitializeOnLoadAttributes (152ms)
				ProcessInitializeOnLoadMethodAttributes (54ms)
				AfterProcessingInitializeOnLoad (0ms)
				EditorAssembliesLoaded (0ms)
			ExecutionOrderSort2 (0ms)
			AwakeInstancesAfterBackupRestoration (0ms)
Platform modules already initialized, skipping
Registering precompiled user dll's ...
Registered in 0.037813 seconds.
Begin MonoManager ReloadAssembly
Native extension for WindowsStandalone target not found
Refreshing native plugins compatible for Editor in 102.96 ms, found 3 plugins.
Preloading 0 native plugins for Editor in 0.00 ms.
Mono: successfully reloaded assembly
- Completed reload, in  2.223 seconds
Domain Reload Profiling:
	ReloadAssembly (2225ms)
		BeginReloadAssembly (266ms)
			ExecutionOrderSort (0ms)
			DisableScriptedObjects (9ms)
			BackupInstance (0ms)
			ReleaseScriptingObjects (0ms)
			CreateAndSetChildDomain (31ms)
		EndReloadAssembly (1834ms)
			LoadAssemblies (171ms)
			RebuildTransferFunctionScriptingTraits (0ms)
			SetupTypeCache (581ms)
			ReleaseScriptCaches (1ms)
			RebuildScriptCaches (114ms)
			SetupLoadedEditorAssemblies (724ms)
				LogAssemblyErrors (0ms)
				InitializePlatformSupportModulesInManaged (7ms)
				SetLoadedEditorAssemblies (0ms)
				RefreshPlugins (103ms)
				BeforeProcessingInitializeOnLoad (131ms)
				ProcessInitializeOnLoadAttributes (424ms)
				ProcessInitializeOnLoadMethodAttributes (48ms)
				AfterProcessingInitializeOnLoad (11ms)
				EditorAssembliesLoaded (0ms)
			ExecutionOrderSort2 (0ms)
			AwakeInstancesAfterBackupRestoration (15ms)
Platform modules already initialized, skipping
========================================================================
Worker process is ready to serve import requests
Launched and connected shader compiler UnityShaderCompiler.exe after 0.11 seconds
Refreshing native plugins compatible for Editor in 1.15 ms, found 3 plugins.
Preloading 0 native plugins for Editor in 0.00 ms.
Unloading 2355 Unused Serialized files (Serialized files now loaded: 0)
System memory in use before: 101.3 MB.
System memory in use after: 101.4 MB.

Unloading 29 unused Assets to reduce memory usage. Loaded Objects now: 2790.
Total: 6.387900 ms (FindLiveObjects: 0.592800 ms CreateObjectMapping: 0.141500 ms MarkObjects: 5.519200 ms  DeleteObjects: 0.131900 ms)

AssetImportParameters requested are different than current active one (requested -> active):
  custom:framework-win-MediaFoundation: 216162199b28c13a410421893ffa2e32 -> 
  custom:video-decoder-ogg-theora: a1e56fd34408186e4bbccfd4996cb3dc -> 
  custom:container-muxer-webm: aa71ff27fc2769a1b78a27578f13a17b -> 
  custom:container-demuxer-webm: 4f35f7cbe854078d1ac9338744f61a02 -> 
  custom:container-demuxer-ogg: 62fdf1f143b41e24485cea50d1cbac27 -> 
  custom:video-encoder-webm-vp8: eb34c28f22e8b96e1ab97ce403110664 -> 
  custom:video-codec-MediaFoundation-h265: 746d11721c4dcdbdad8f713fa42b33f4 -> 
  custom:video-decoder-webm-vp8: 9c59270c3fd7afecdb556c50c9e8de78 -> 
  custom:audio-decoder-ogg-vorbis: bf7c407c2cedff20999df2af8eb42d56 -> 
  custom:audio-encoder-webm-vorbis: bf7c407c2cedff20999df2af8eb42d56 -> 
========================================================================
Received Import Request.
  path: Assets/Sprites/Objects/OutdoorsObjects.png
  artifactKey: Guid(0d09c75af1be6c44d895b69fd2b0d96e) Importer(815301076,1909f56bfc062723c751e8b465ee728b)
Start importing Assets/Sprites/Objects/OutdoorsObjects.png using Guid(0d09c75af1be6c44d895b69fd2b0d96e) Importer(815301076,1909f56bfc062723c751e8b465ee728b)  -> (artifact id: '77e819bc7dd411797ca621b0cf9ebc6f') in 0.361988 seconds 
  Import took 0.371291 seconds .

========================================================================
Received Prepare
Refreshing native plugins compatible for Editor in 9.26 ms, found 3 plugins.
Preloading 0 native plugins for Editor in 0.00 ms.
Unloading 15 Unused Serialized files (Serialized files now loaded: 0)
System memory in use before: 57.4 MB.
System memory in use after: 57.7 MB.

Unloading 15 unused Assets to reduce memory usage. Loaded Objects now: 2797.
Total: 7.853100 ms (FindLiveObjects: 0.490300 ms CreateObjectMapping: 0.172400 ms MarkObjects: 7.142700 ms  DeleteObjects: 0.044400 ms)

AssetImportParameters requested are different than current active one (requested -> active):
  custom:framework-win-MediaFoundation: 216162199b28c13a410421893ffa2e32 -> 
  custom:video-decoder-ogg-theora: a1e56fd34408186e4bbccfd4996cb3dc -> 
  custom:container-muxer-webm: aa71ff27fc2769a1b78a27578f13a17b -> 
  custom:container-demuxer-webm: 4f35f7cbe854078d1ac9338744f61a02 -> 
  custom:container-demuxer-ogg: 62fdf1f143b41e24485cea50d1cbac27 -> 
  custom:video-encoder-webm-vp8: eb34c28f22e8b96e1ab97ce403110664 -> 
  custom:video-codec-MediaFoundation-h265: 746d11721c4dcdbdad8f713fa42b33f4 -> 
  custom:video-decoder-webm-vp8: 9c59270c3fd7afecdb556c50c9e8de78 -> 
  custom:audio-decoder-ogg-vorbis: bf7c407c2cedff20999df2af8eb42d56 -> 
  custom:audio-encoder-webm-vorbis: bf7c407c2cedff20999df2af8eb42d56 -> 
========================================================================
Received Prepare
Registering precompiled user dll's ...
Registered in 0.009503 seconds.
Begin MonoManager ReloadAssembly
Native extension for WindowsStandalone target not found
Refreshing native plugins compatible for Editor in 0.95 ms, found 3 plugins.
Preloading 0 native plugins for Editor in 0.00 ms.
Mono: successfully reloaded assembly
- Completed reload, in  2.078 seconds
Domain Reload Profiling:
	ReloadAssembly (2078ms)
		BeginReloadAssembly (221ms)
			ExecutionOrderSort (0ms)
			DisableScriptedObjects (11ms)
			BackupInstance (0ms)
			ReleaseScriptingObjects (0ms)
			CreateAndSetChildDomain (67ms)
		EndReloadAssembly (1743ms)
			LoadAssemblies (183ms)
			RebuildTransferFunctionScriptingTraits (0ms)
			SetupTypeCache (600ms)
			ReleaseScriptCaches (3ms)
			RebuildScriptCaches (103ms)
			SetupLoadedEditorAssemblies (622ms)
				LogAssemblyErrors (0ms)
				InitializePlatformSupportModulesInManaged (9ms)
				SetLoadedEditorAssemblies (1ms)
				RefreshPlugins (1ms)
				BeforeProcessingInitializeOnLoad (116ms)
				ProcessInitializeOnLoadAttributes (436ms)
				ProcessInitializeOnLoadMethodAttributes (45ms)
				AfterProcessingInitializeOnLoad (14ms)
				EditorAssembliesLoaded (0ms)
			ExecutionOrderSort2 (0ms)
			AwakeInstancesAfterBackupRestoration (16ms)
Platform modules already initialized, skipping
Refreshing native plugins compatible for Editor in 0.96 ms, found 3 plugins.
Preloading 0 native plugins for Editor in 0.00 ms.
Unloading 2343 Unused Serialized files (Serialized files now loaded: 0)
System memory in use before: 103.5 MB.
System memory in use after: 103.8 MB.

Unloading 18 unused Assets to reduce memory usage. Loaded Objects now: 2800.
Total: 7.153400 ms (FindLiveObjects: 0.432500 ms CreateObjectMapping: 0.160000 ms MarkObjects: 6.516000 ms  DeleteObjects: 0.041600 ms)

AssetImportParameters requested are different than current active one (requested -> active):
  custom:framework-win-MediaFoundation: 216162199b28c13a410421893ffa2e32 -> 
  custom:video-decoder-ogg-theora: a1e56fd34408186e4bbccfd4996cb3dc -> 
  custom:container-muxer-webm: aa71ff27fc2769a1b78a27578f13a17b -> 
  custom:container-demuxer-webm: 4f35f7cbe854078d1ac9338744f61a02 -> 
  custom:container-demuxer-ogg: 62fdf1f143b41e24485cea50d1cbac27 -> 
  custom:video-encoder-webm-vp8: eb34c28f22e8b96e1ab97ce403110664 -> 
  custom:video-codec-MediaFoundation-h265: 746d11721c4dcdbdad8f713fa42b33f4 -> 
  custom:video-decoder-webm-vp8: 9c59270c3fd7afecdb556c50c9e8de78 -> 
  custom:audio-decoder-ogg-vorbis: bf7c407c2cedff20999df2af8eb42d56 -> 
  custom:audio-encoder-webm-vorbis: bf7c407c2cedff20999df2af8eb42d56 -> 
========================================================================
Received Prepare
Registering precompiled user dll's ...
Registered in 0.007787 seconds.
Begin MonoManager ReloadAssembly
Native extension for WindowsStandalone target not found
Refreshing native plugins compatible for Editor in 0.98 ms, found 3 plugins.
Preloading 0 native plugins for Editor in 0.00 ms.
Mono: successfully reloaded assembly
- Completed reload, in  2.140 seconds
Domain Reload Profiling:
	ReloadAssembly (2141ms)
		BeginReloadAssembly (198ms)
			ExecutionOrderSort (0ms)
			DisableScriptedObjects (12ms)
			BackupInstance (0ms)
			ReleaseScriptingObjects (0ms)
			CreateAndSetChildDomain (65ms)
		EndReloadAssembly (1826ms)
			LoadAssemblies (167ms)
			RebuildTransferFunctionScriptingTraits (0ms)
			SetupTypeCache (635ms)
			ReleaseScriptCaches (3ms)
			RebuildScriptCaches (165ms)
			SetupLoadedEditorAssemblies (596ms)
				LogAssemblyErrors (0ms)
				InitializePlatformSupportModulesInManaged (9ms)
				SetLoadedEditorAssemblies (1ms)
				RefreshPlugins (1ms)
				BeforeProcessingInitializeOnLoad (127ms)
				ProcessInitializeOnLoadAttributes (422ms)
				ProcessInitializeOnLoadMethodAttributes (23ms)
				AfterProcessingInitializeOnLoad (13ms)
				EditorAssembliesLoaded (0ms)
			ExecutionOrderSort2 (0ms)
			AwakeInstancesAfterBackupRestoration (17ms)
Platform modules already initialized, skipping
Refreshing native plugins compatible for Editor in 0.99 ms, found 3 plugins.
Preloading 0 native plugins for Editor in 0.00 ms.
Unloading 2343 Unused Serialized files (Serialized files now loaded: 0)
System memory in use before: 103.6 MB.
System memory in use after: 103.8 MB.

Unloading 18 unused Assets to reduce memory usage. Loaded Objects now: 2802.
Total: 7.813700 ms (FindLiveObjects: 0.998800 ms CreateObjectMapping: 0.235400 ms MarkObjects: 6.525800 ms  DeleteObjects: 0.049300 ms)

AssetImportParameters requested are different than current active one (requested -> active):
  custom:framework-win-MediaFoundation: 216162199b28c13a410421893ffa2e32 -> 
  custom:video-decoder-ogg-theora: a1e56fd34408186e4bbccfd4996cb3dc -> 
  custom:container-muxer-webm: aa71ff27fc2769a1b78a27578f13a17b -> 
  custom:container-demuxer-webm: 4f35f7cbe854078d1ac9338744f61a02 -> 
  custom:container-demuxer-ogg: 62fdf1f143b41e24485cea50d1cbac27 -> 
  custom:video-encoder-webm-vp8: eb34c28f22e8b96e1ab97ce403110664 -> 
  custom:video-codec-MediaFoundation-h265: 746d11721c4dcdbdad8f713fa42b33f4 -> 
  custom:video-decoder-webm-vp8: 9c59270c3fd7afecdb556c50c9e8de78 -> 
  custom:audio-decoder-ogg-vorbis: bf7c407c2cedff20999df2af8eb42d56 -> 
  custom:audio-encoder-webm-vorbis: bf7c407c2cedff20999df2af8eb42d56 -> 
========================================================================
Received Import Request.
  Time since last request: 606.391685 seconds.
  path: Assets/Scripts/MonoBehaviours/Ammo.cs
  artifactKey: Guid(9fb23f94f2f628346bfc33a18fc52f23) Importer(815301076,1909f56bfc062723c751e8b465ee728b)
Start importing Assets/Scripts/MonoBehaviours/Ammo.cs using Guid(9fb23f94f2f628346bfc33a18fc52f23) Importer(815301076,1909f56bfc062723c751e8b465ee728b)  -> (artifact id: 'e461c1ed8322170ebff6665265ef6f7c') in 0.036396 seconds 
  Import took 0.044078 seconds .

========================================================================
Received Import Request.
  Time since last request: 2141.089138 seconds.
  path: Assets/Prefabs/AmmoObject.prefab
  artifactKey: Guid(f39e56c58c8b864438446e459b4ab7b0) Importer(815301076,1909f56bfc062723c751e8b465ee728b)
Start importing Assets/Prefabs/AmmoObject.prefab using Guid(f39e56c58c8b864438446e459b4ab7b0) Importer(815301076,1909f56bfc062723c751e8b465ee728b)  -> (artifact id: 'a775305dd0df1a7923291500126e8c14') in 0.394344 seconds 
  Import took 0.402735 seconds .

========================================================================
Received Import Request.
  Time since last request: 469.705779 seconds.
  path: Assets/Scripts/MonoBehaviours/Player.cs
  artifactKey: Guid(dc39e5f1d8d0f5145b6d8064f8073750) Importer(815301076,1909f56bfc062723c751e8b465ee728b)
Start importing Assets/Scripts/MonoBehaviours/Player.cs using Guid(dc39e5f1d8d0f5145b6d8064f8073750) Importer(815301076,1909f56bfc062723c751e8b465ee728b)  -> (artifact id: '31daa9c2fdcbc0cfe44efe202d12af75') in 0.010264 seconds 
  Import took 0.022763 seconds .

========================================================================
Received Import Request.
  Time since last request: 532.217880 seconds.
  path: Assets/Prefabs/PlayerObject.prefab
  artifactKey: Guid(dc188996ff44459498d6b57ef252995f) Importer(815301076,1909f56bfc062723c751e8b465ee728b)
Start importing Assets/Prefabs/PlayerObject.prefab using Guid(dc188996ff44459498d6b57ef252995f) Importer(815301076,1909f56bfc062723c751e8b465ee728b)  -> (artifact id: '15bb221cbfd367decba539f6a76681fd') in 0.148660 seconds 
  Import took 0.159394 seconds .

========================================================================
Received Import Request.
  Time since last request: 6.215158 seconds.
  path: Assets/Prefabs/PlayerObject.prefab
  artifactKey: Guid(dc188996ff44459498d6b57ef252995f) Importer(815301076,1909f56bfc062723c751e8b465ee728b)
Start importing Assets/Prefabs/PlayerObject.prefab using Guid(dc188996ff44459498d6b57ef252995f) Importer(815301076,1909f56bfc062723c751e8b465ee728b)  -> (artifact id: '4e8c0e0d94b4b9949c04b7db45d629c9') in 0.036308 seconds 
  Import took 0.045160 seconds .

========================================================================
Received Import Request.
  Time since last request: 12.435887 seconds.
  path: Assets/Sprites/Player/Player.png
  artifactKey: Guid(77500c8e92e937549bc1391bfe45d233) Importer(815301076,1909f56bfc062723c751e8b465ee728b)
Start importing Assets/Sprites/Player/Player.png using Guid(77500c8e92e937549bc1391bfe45d233) Importer(815301076,1909f56bfc062723c751e8b465ee728b)  -> (artifact id: 'ce6c6710af49ce5fd1dec4c457cf2075') in 0.160012 seconds 
  Import took 0.169480 seconds .

========================================================================
Received Prepare
Registering precompiled user dll's ...
Registered in 0.004140 seconds.
Begin MonoManager ReloadAssembly
Native extension for WindowsStandalone target not found
Refreshing native plugins compatible for Editor in 0.79 ms, found 3 plugins.
Preloading 0 native plugins for Editor in 0.00 ms.
Mono: successfully reloaded assembly
- Completed reload, in  1.244 seconds
Domain Reload Profiling:
	ReloadAssembly (1246ms)
		BeginReloadAssembly (215ms)
			ExecutionOrderSort (0ms)
			DisableScriptedObjects (10ms)
			BackupInstance (0ms)
			ReleaseScriptingObjects (0ms)
			CreateAndSetChildDomain (108ms)
		EndReloadAssembly (964ms)
			LoadAssemblies (124ms)
			RebuildTransferFunctionScriptingTraits (0ms)
			SetupTypeCache (337ms)
			ReleaseScriptCaches (1ms)
			RebuildScriptCaches (51ms)
			SetupLoadedEditorAssemblies (347ms)
				LogAssemblyErrors (0ms)
				InitializePlatformSupportModulesInManaged (5ms)
				SetLoadedEditorAssemblies (1ms)
				RefreshPlugins (1ms)
				BeforeProcessingInitializeOnLoad (64ms)
				ProcessInitializeOnLoadAttributes (257ms)
				ProcessInitializeOnLoadMethodAttributes (13ms)
				AfterProcessingInitializeOnLoad (7ms)
				EditorAssembliesLoaded (0ms)
			ExecutionOrderSort2 (0ms)
			AwakeInstancesAfterBackupRestoration (9ms)
Platform modules already initialized, skipping
Refreshing native plugins compatible for Editor in 0.69 ms, found 3 plugins.
Preloading 0 native plugins for Editor in 0.00 ms.
Unloading 2344 Unused Serialized files (Serialized files now loaded: 0)
System memory in use before: 103.7 MB.
System memory in use after: 104.0 MB.

Unloading 18 unused Assets to reduce memory usage. Loaded Objects now: 2809.
Total: 3.987500 ms (FindLiveObjects: 0.354100 ms CreateObjectMapping: 0.077700 ms MarkObjects: 3.515100 ms  DeleteObjects: 0.038900 ms)

AssetImportParameters requested are different than current active one (requested -> active):
  custom:framework-win-MediaFoundation: 216162199b28c13a410421893ffa2e32 -> 
  custom:video-decoder-ogg-theora: a1e56fd34408186e4bbccfd4996cb3dc -> 
  custom:container-muxer-webm: aa71ff27fc2769a1b78a27578f13a17b -> 
  custom:container-demuxer-webm: 4f35f7cbe854078d1ac9338744f61a02 -> 
  custom:container-demuxer-ogg: 62fdf1f143b41e24485cea50d1cbac27 -> 
  custom:video-encoder-webm-vp8: eb34c28f22e8b96e1ab97ce403110664 -> 
  custom:video-codec-MediaFoundation-h265: 746d11721c4dcdbdad8f713fa42b33f4 -> 
  custom:video-decoder-webm-vp8: 9c59270c3fd7afecdb556c50c9e8de78 -> 
  custom:audio-decoder-ogg-vorbis: bf7c407c2cedff20999df2af8eb42d56 -> 
  custom:audio-encoder-webm-vorbis: bf7c407c2cedff20999df2af8eb42d56 -> 
========================================================================
Received Import Request.
  Time since last request: 45.579669 seconds.
  path: Assets/Prefabs/PlayerObject.prefab
  artifactKey: Guid(dc188996ff44459498d6b57ef252995f) Importer(815301076,1909f56bfc062723c751e8b465ee728b)
Start importing Assets/Prefabs/PlayerObject.prefab using Guid(dc188996ff44459498d6b57ef252995f) Importer(815301076,1909f56bfc062723c751e8b465ee728b)  -> (artifact id: '56d7883e50b0690075be8ef542d2c485') in 0.081966 seconds 
  Import took 0.087849 seconds .

========================================================================
Received Prepare
Registering precompiled user dll's ...
Registered in 0.004368 seconds.
Begin MonoManager ReloadAssembly
Native extension for WindowsStandalone target not found
Refreshing native plugins compatible for Editor in 0.69 ms, found 3 plugins.
Preloading 0 native plugins for Editor in 0.00 ms.
Mono: successfully reloaded assembly
- Completed reload, in  1.118 seconds
Domain Reload Profiling:
	ReloadAssembly (1118ms)
		BeginReloadAssembly (109ms)
			ExecutionOrderSort (0ms)
			DisableScriptedObjects (5ms)
			BackupInstance (0ms)
			ReleaseScriptingObjects (0ms)
			CreateAndSetChildDomain (37ms)
		EndReloadAssembly (932ms)
			LoadAssemblies (95ms)
			RebuildTransferFunctionScriptingTraits (0ms)
			SetupTypeCache (345ms)
			ReleaseScriptCaches (1ms)
			RebuildScriptCaches (49ms)
			SetupLoadedEditorAssemblies (323ms)
				LogAssemblyErrors (0ms)
				InitializePlatformSupportModulesInManaged (4ms)
				SetLoadedEditorAssemblies (0ms)
				RefreshPlugins (1ms)
				BeforeProcessingInitializeOnLoad (68ms)
				ProcessInitializeOnLoadAttributes (232ms)
				ProcessInitializeOnLoadMethodAttributes (12ms)
				AfterProcessingInitializeOnLoad (6ms)
				EditorAssembliesLoaded (0ms)
			ExecutionOrderSort2 (0ms)
			AwakeInstancesAfterBackupRestoration (11ms)
Platform modules already initialized, skipping
Refreshing native plugins compatible for Editor in 0.71 ms, found 3 plugins.
Preloading 0 native plugins for Editor in 0.00 ms.
Unloading 2344 Unused Serialized files (Serialized files now loaded: 0)
System memory in use before: 103.8 MB.
System memory in use after: 104.0 MB.

Unloading 18 unused Assets to reduce memory usage. Loaded Objects now: 2812.
Total: 4.171300 ms (FindLiveObjects: 0.398700 ms CreateObjectMapping: 0.142000 ms MarkObjects: 3.596200 ms  DeleteObjects: 0.032100 ms)

AssetImportParameters requested are different than current active one (requested -> active):
  custom:framework-win-MediaFoundation: 216162199b28c13a410421893ffa2e32 -> 
  custom:video-decoder-ogg-theora: a1e56fd34408186e4bbccfd4996cb3dc -> 
  custom:container-muxer-webm: aa71ff27fc2769a1b78a27578f13a17b -> 
  custom:container-demuxer-webm: 4f35f7cbe854078d1ac9338744f61a02 -> 
  custom:container-demuxer-ogg: 62fdf1f143b41e24485cea50d1cbac27 -> 
  custom:video-encoder-webm-vp8: eb34c28f22e8b96e1ab97ce403110664 -> 
  custom:video-codec-MediaFoundation-h265: 746d11721c4dcdbdad8f713fa42b33f4 -> 
  custom:video-decoder-webm-vp8: 9c59270c3fd7afecdb556c50c9e8de78 -> 
  custom:audio-decoder-ogg-vorbis: bf7c407c2cedff20999df2af8eb42d56 -> 
  custom:audio-encoder-webm-vorbis: bf7c407c2cedff20999df2af8eb42d56 -> 
========================================================================
Received Import Request.
  Time since last request: 762.694757 seconds.
  path: Assets/Scripts/MonoBehaviours/Wander.cs
  artifactKey: Guid(2e764193c030b524dafbd4c4cc19fe7a) Importer(815301076,1909f56bfc062723c751e8b465ee728b)
Start importing Assets/Scripts/MonoBehaviours/Wander.cs using Guid(2e764193c030b524dafbd4c4cc19fe7a) Importer(815301076,1909f56bfc062723c751e8b465ee728b)  -> (artifact id: '4735ef326347ea0141c3da2cd9a85977') in 0.013357 seconds 
  Import took 0.021366 seconds .

========================================================================
Received Import Request.
  Time since last request: 76.116520 seconds.
  path: Assets/Scripts/MonoBehaviours/Weapon.cs
  artifactKey: Guid(74e100f83784b434eafe61ec7309b5b7) Importer(815301076,1909f56bfc062723c751e8b465ee728b)
Start importing Assets/Scripts/MonoBehaviours/Weapon.cs using Guid(74e100f83784b434eafe61ec7309b5b7) Importer(815301076,1909f56bfc062723c751e8b465ee728b)  -> (artifact id: '77caea8c944b8fbfe197e81fa4389a24') in 0.003776 seconds 
  Import took 0.009070 seconds .

========================================================================
Received Import Request.
  Time since last request: 39.943614 seconds.
  path: Assets/Scripts/MonoBehaviours/Weapon1.cs
  artifactKey: Guid(03ec88b4c8bd3204a9c1adf28b3eb409) Importer(815301076,1909f56bfc062723c751e8b465ee728b)
Start importing Assets/Scripts/MonoBehaviours/Weapon1.cs using Guid(03ec88b4c8bd3204a9c1adf28b3eb409) Importer(815301076,1909f56bfc062723c751e8b465ee728b)  -> (artifact id: 'b28a0913df455af7a5e3f95116b1306d') in 0.008870 seconds 
  Import took 0.015273 seconds .

========================================================================
Received Import Request.
  Time since last request: 5.209962 seconds.
  path: Assets/Scripts/MonoBehaviours/Weapon.cs
  artifactKey: Guid(03ec88b4c8bd3204a9c1adf28b3eb409) Importer(815301076,1909f56bfc062723c751e8b465ee728b)
Start importing Assets/Scripts/MonoBehaviours/Weapon.cs using Guid(03ec88b4c8bd3204a9c1adf28b3eb409) Importer(815301076,1909f56bfc062723c751e8b465ee728b)  -> (artifact id: 'a9fa25d4fbaf507a1235dd7ae41fc6b4') in 0.003577 seconds 
  Import took 0.008830 seconds .

========================================================================
Received Import Request.
  Time since last request: 155.315265 seconds.
  path: Assets/Scripts/MonoBehaviours/Arc.cs
  artifactKey: Guid(a8566a9a426365246913febdba3914e9) Importer(815301076,1909f56bfc062723c751e8b465ee728b)
Start importing Assets/Scripts/MonoBehaviours/Arc.cs using Guid(a8566a9a426365246913febdba3914e9) Importer(815301076,1909f56bfc062723c751e8b465ee728b)  -> (artifact id: 'a89a659cf2e7a71dde46c5a7f2ea5703') in 0.013185 seconds 
  Import took 0.023066 seconds .

========================================================================
Received Import Request.
  Time since last request: 1293.014987 seconds.
  path: Assets/Scripts/MonoBehaviours/Arc.cs
  artifactKey: Guid(a8566a9a426365246913febdba3914e9) Importer(815301076,1909f56bfc062723c751e8b465ee728b)
Start importing Assets/Scripts/MonoBehaviours/Arc.cs using Guid(a8566a9a426365246913febdba3914e9) Importer(815301076,1909f56bfc062723c751e8b465ee728b)  -> (artifact id: '2f47ae0392babddb8da3abd449bf2231') in 0.007709 seconds 
  Import took 0.024651 seconds .

========================================================================
Received Import Request.
  Time since last request: 507.133515 seconds.
  path: Assets/Prefabs/PlayerObject.prefab
  artifactKey: Guid(dc188996ff44459498d6b57ef252995f) Importer(815301076,1909f56bfc062723c751e8b465ee728b)
Start importing Assets/Prefabs/PlayerObject.prefab using Guid(dc188996ff44459498d6b57ef252995f) Importer(815301076,1909f56bfc062723c751e8b465ee728b)  -> (artifact id: 'c67503f6d28940539e96bb92aa35ac0e') in 0.179316 seconds 
  Import took 0.193475 seconds .

AssetImportWorkerClient::OnTransportError - code=2 error=End of file
